{"level":"info","message":"✅ MongoDB Connected Successfully","service":"student-activity-api","timestamp":"2026-02-27 13:25:03"}
{"level":"info","message":"🚀 Server running on port 5000","service":"student-activity-api","timestamp":"2026-02-27 13:25:03"}
{"level":"info","message":"POST /api/auth/create-admin - ::ffff:127.0.0.1","service":"student-activity-api","timestamp":"2026-02-27 13:27:20"}
{"level":"info","message":"POST /api/auth/register - ::ffff:127.0.0.1","service":"student-activity-api","timestamp":"2026-02-27 13:28:08"}
{"level":"info","message":"POST /api/auth/login - ::ffff:127.0.0.1","service":"student-activity-api","timestamp":"2026-02-27 13:29:57"}
{"level":"info","message":"GET /api/auth/me - ::1","service":"student-activity-api","timestamp":"2026-02-27 13:30:32"}
{"level":"info","message":"GET /api/auth/me - ::1","service":"student-activity-api","timestamp":"2026-02-27 13:30:32"}
{"level":"info","message":"GET /api/activity/stats - ::1","service":"student-activity-api","timestamp":"2026-02-27 13:30:32"}
{"level":"info","message":"GET /api/activity/my-messages - ::1","service":"student-activity-api","timestamp":"2026-02-27 13:30:32"}
{"level":"info","message":"GET /api/activity/my-messages - ::1","service":"student-activity-api","timestamp":"2026-02-27 13:30:32"}
{"level":"info","message":"GET /api/activity/stats - ::1","service":"student-activity-api","timestamp":"2026-02-27 13:30:32"}
{"level":"info","message":"GET /api/activity/my-messages - ::1","service":"student-activity-api","timestamp":"2026-02-27 13:33:10"}
{"level":"info","message":"GET /api/activity/stats - ::1","service":"student-activity-api","timestamp":"2026-02-27 13:33:10"}
{"level":"info","message":"GET /api/activity/my-messages - ::1","service":"student-activity-api","timestamp":"2026-02-27 13:33:10"}
{"level":"info","message":"GET /api/activity/stats - ::1","service":"student-activity-api","timestamp":"2026-02-27 13:33:10"}
{"level":"info","message":"GET /api/auth/me - ::1","service":"student-activity-api","timestamp":"2026-02-27 14:03:02"}
{"level":"info","message":"GET /api/auth/me - ::1","service":"student-activity-api","timestamp":"2026-02-27 14:03:03"}
{"level":"info","message":"GET /api/activity/my-messages - ::1","service":"student-activity-api","timestamp":"2026-02-27 14:03:03"}
{"level":"info","message":"GET /api/activity/stats - ::1","service":"student-activity-api","timestamp":"2026-02-27 14:03:03"}
{"level":"info","message":"GET /api/activity/stats - ::1","service":"student-activity-api","timestamp":"2026-02-27 14:03:03"}
{"level":"info","message":"GET /api/activity/my-messages - ::1","service":"student-activity-api","timestamp":"2026-02-27 14:03:03"}
{"level":"info","message":"GET /api/auth/me - ::1","service":"student-activity-api","timestamp":"2026-02-27 14:05:31"}
{"level":"info","message":"GET /api/auth/me - ::1","service":"student-activity-api","timestamp":"2026-02-27 14:05:31"}
{"level":"info","message":"GET /api/activity/my-messages - ::1","service":"student-activity-api","timestamp":"2026-02-27 14:05:31"}
{"level":"info","message":"GET /api/activity/stats - ::1","service":"student-activity-api","timestamp":"2026-02-27 14:05:31"}
{"level":"info","message":"GET /api/activity/my-messages - ::1","service":"student-activity-api","timestamp":"2026-02-27 14:05:31"}
{"level":"info","message":"GET /api/activity/stats - ::1","service":"student-activity-api","timestamp":"2026-02-27 14:05:31"}
{"level":"info","message":"POST /api/auth/login - ::1","service":"student-activity-api","timestamp":"2026-02-27 14:05:53"}
{"level":"info","message":"POST /api/auth/login - ::1","service":"student-activity-api","timestamp":"2026-02-27 14:06:03"}
{"level":"info","message":"POST /api/auth/login - ::1","service":"student-activity-api","timestamp":"2026-02-27 14:06:52"}
